2014/02/28 01:20:31   FileDir setting completed.     
2014/02/28 01:20:31   Background construct over     
2014/02/28 01:20:31   Target construct over     
2014/02/28 01:20:31   Scene construct over     
2014/02/28 01:20:31   Sensor construct over     
2014/02/28 01:20:31   Processing construct over     
2014/02/28 01:20:32   readWavelengthsMeansandCov Done     
2014/02/28 01:20:32   LinearInterpolation1D Done     
2014/02/28 01:20:32   LinearInterpolation2D Done     
2014/02/28 01:20:32   1    //Writespec_albFile background
2014/02/28 01:20:32   0    //MeansB[i] done
2014/02/28 01:20:32   0    ReadAllColumnFromTAPE7
2014/02/28 01:20:32   C:/webpy/resource/MOD4v3r1/tape7     
2014/02/28 01:20:32   1    //ReadAllColumnFromTAPE7
2014/02/28 01:20:32   0    ReadAllColumnFromTAPE7 done
2014/02/28 01:20:32   1    //Writespec_albFile background mean
2014/02/28 01:20:32   readWavelengthsMeansandCov Done     
2014/02/28 01:20:32   LinearInterpolation1D Done     
2014/02/28 01:20:32   LinearInterpolation2D Done     
2014/02/28 01:20:32   1    //target in black NO.
2014/02/28 01:20:32   1    //Writespec_albFile T in B
2014/02/28 01:20:33   2    ReadAllColumnFromTAPE7
2014/02/28 01:20:33   C:/webpy/resource/MOD4v3r1/tape7     
2014/02/28 01:20:33   2    //ReadAllColumnFromTAPE7
2014/02/28 01:20:33   2    ReadAllColumnFromTAPE7 done
2014/02/28 01:20:33   3    ReadAllColumnFromTAPE7
2014/02/28 01:20:33   C:/webpy/resource/MOD4v3r1/tape7     
2014/02/28 01:20:33   3    //ReadAllColumnFromTAPE7
2014/02/28 01:20:33   3    ReadAllColumnFromTAPE7 done
2014/02/28 01:20:33   0    Albedo[i] done
2014/02/28 01:20:34   4    ReadAllColumnFromTAPE7
2014/02/28 01:20:34   C:/webpy/resource/MOD4v3r1/tape7     
2014/02/28 01:20:34   4    //ReadAllColumnFromTAPE7
2014/02/28 01:20:34   4    ReadAllColumnFromTAPE7 done
2014/02/28 01:20:34   1    Albedo[i] done
2014/02/28 01:20:34   GenRespFunction     
2014/02/28 01:20:34   1    //genResp done
2014/02/28 01:20:34   2    //genResp done
2014/02/28 01:20:34   3    //genResp done
2014/02/28 01:20:34   4    //genResp done
2014/02/28 01:20:34   5    //genResp done
2014/02/28 01:20:34   GenRespFunction done     
2014/02/28 01:20:34   CovBavePath Done     
2014/02/28 01:20:34   SensorProcessNoise done     
2014/02/28 01:20:34   SensorProcessNoise done     
2014/02/28 01:20:34   Adding Noise Done     
2014/02/28 01:20:34   SensorProcessNoise done     
2014/02/28 01:20:34   LT, SNR output Done     
2014/02/28 01:20:34   1628.08    low
2014/02/28 01:20:34   w calculation Done     
2014/02/28 01:20:34   0.0492995    MT
2014/02/28 01:20:34   0.000833091    CT
2014/02/28 01:20:34   0    MBi
2014/02/28 01:20:34   0.000614222    CBi



2014/02/28 01:20:47   FileDir setting completed.     
2014/02/28 01:20:47   Background construct over     
2014/02/28 01:20:47   Target construct over     
2014/02/28 01:20:47   Scene construct over     
2014/02/28 01:20:47   Sensor construct over     
2014/02/28 01:20:47   Processing construct over     
2014/02/28 01:20:47   readWavelengthsMeansandCov Done     
2014/02/28 01:20:47   LinearInterpolation1D Done     
2014/02/28 01:20:47   LinearInterpolation2D Done     
2014/02/28 01:20:47   1    //Writespec_albFile background
2014/02/28 01:20:48   0    //MeansB[i] done
2014/02/28 01:20:48   0    ReadAllColumnFromTAPE7
2014/02/28 01:20:48   C:/webpy/resource/MOD4v3r1/tape7     
2014/02/28 01:20:48   1    //ReadAllColumnFromTAPE7
2014/02/28 01:20:48   0    ReadAllColumnFromTAPE7 done
2014/02/28 01:20:48   1    //Writespec_albFile background mean
2014/02/28 01:20:48   readWavelengthsMeansandCov Done     
2014/02/28 01:20:48   LinearInterpolation1D Done     
2014/02/28 01:20:48   LinearInterpolation2D Done     
2014/02/28 01:20:48   1    //target in black NO.
2014/02/28 01:20:48   1    //Writespec_albFile T in B
2014/02/28 01:20:49   2    ReadAllColumnFromTAPE7
2014/02/28 01:20:49   C:/webpy/resource/MOD4v3r1/tape7     
2014/02/28 01:20:49   2    //ReadAllColumnFromTAPE7
2014/02/28 01:20:49   2    ReadAllColumnFromTAPE7 done
2014/02/28 01:20:49   3    ReadAllColumnFromTAPE7
2014/02/28 01:20:49   C:/webpy/resource/MOD4v3r1/tape7     
2014/02/28 01:20:49   3    //ReadAllColumnFromTAPE7
2014/02/28 01:20:49   3    ReadAllColumnFromTAPE7 done
2014/02/28 01:20:49   0    Albedo[i] done
2014/02/28 01:20:50   4    ReadAllColumnFromTAPE7
2014/02/28 01:20:50   C:/webpy/resource/MOD4v3r1/tape7     
2014/02/28 01:20:50   4    //ReadAllColumnFromTAPE7
2014/02/28 01:20:50   4    ReadAllColumnFromTAPE7 done
2014/02/28 01:20:50   1    Albedo[i] done
2014/02/28 01:20:50   GenRespFunction     
2014/02/28 01:20:50   1    //genResp done
2014/02/28 01:20:50   2    //genResp done
2014/02/28 01:20:50   3    //genResp done
2014/02/28 01:20:50   4    //genResp done
2014/02/28 01:20:50   5    //genResp done
2014/02/28 01:20:50   GenRespFunction done     
2014/02/28 01:20:50   CovBavePath Done     
2014/02/28 01:20:50   SensorProcessNoise done     
2014/02/28 01:20:50   SensorProcessNoise done     
2014/02/28 01:20:50   Adding Noise Done     
2014/02/28 01:20:50   SensorProcessNoise done     
2014/02/28 01:20:50   LT, SNR output Done     
2014/02/28 01:20:50   1628.08    low
2014/02/28 01:20:50   w calculation Done     
2014/02/28 01:20:50   0.147686    MT
2014/02/28 01:20:50   0.00106562    CT
2014/02/28 01:20:50   0    MBi
2014/02/28 01:20:50   0.000614222    CBi



2014/02/28 01:21:03   FileDir setting completed.     
2014/02/28 01:21:03   Background construct over     
2014/02/28 01:21:03   Target construct over     
2014/02/28 01:21:03   Scene construct over     
2014/02/28 01:21:03   Sensor construct over     
2014/02/28 01:21:03   Processing construct over     
2014/02/28 01:21:03   readWavelengthsMeansandCov Done     
2014/02/28 01:21:03   LinearInterpolation1D Done     
2014/02/28 01:21:03   LinearInterpolation2D Done     
2014/02/28 01:21:03   1    //Writespec_albFile background
2014/02/28 01:21:03   0    //MeansB[i] done
2014/02/28 01:21:03   0    ReadAllColumnFromTAPE7
2014/02/28 01:21:03   C:/webpy/resource/MOD4v3r1/tape7     
2014/02/28 01:21:03   1    //ReadAllColumnFromTAPE7
2014/02/28 01:21:03   0    ReadAllColumnFromTAPE7 done
2014/02/28 01:21:03   1    //Writespec_albFile background mean
2014/02/28 01:21:03   readWavelengthsMeansandCov Done     
2014/02/28 01:21:03   LinearInterpolation1D Done     
2014/02/28 01:21:03   LinearInterpolation2D Done     
2014/02/28 01:21:03   1    //target in black NO.
2014/02/28 01:21:03   1    //Writespec_albFile T in B
2014/02/28 01:21:04   2    ReadAllColumnFromTAPE7
2014/02/28 01:21:04   C:/webpy/resource/MOD4v3r1/tape7     
2014/02/28 01:21:04   2    //ReadAllColumnFromTAPE7
2014/02/28 01:21:04   2    ReadAllColumnFromTAPE7 done
2014/02/28 01:21:04   3    ReadAllColumnFromTAPE7
2014/02/28 01:21:04   C:/webpy/resource/MOD4v3r1/tape7     
2014/02/28 01:21:04   3    //ReadAllColumnFromTAPE7
2014/02/28 01:21:04   3    ReadAllColumnFromTAPE7 done
2014/02/28 01:21:04   0    Albedo[i] done
2014/02/28 01:21:05   4    ReadAllColumnFromTAPE7
2014/02/28 01:21:05   C:/webpy/resource/MOD4v3r1/tape7     
2014/02/28 01:21:05   4    //ReadAllColumnFromTAPE7
2014/02/28 01:21:05   4    ReadAllColumnFromTAPE7 done
2014/02/28 01:21:05   1    Albedo[i] done
2014/02/28 01:21:05   GenRespFunction     
2014/02/28 01:21:05   1    //genResp done
2014/02/28 01:21:05   2    //genResp done
2014/02/28 01:21:05   3    //genResp done
2014/02/28 01:21:05   4    //genResp done
2014/02/28 01:21:05   5    //genResp done
2014/02/28 01:21:05   GenRespFunction done     
2014/02/28 01:21:05   CovBavePath Done     
2014/02/28 01:21:05   SensorProcessNoise done     
2014/02/28 01:21:05   SensorProcessNoise done     
2014/02/28 01:21:05   Adding Noise Done     
2014/02/28 01:21:05   SensorProcessNoise done     
2014/02/28 01:21:05   LT, SNR output Done     
2014/02/28 01:21:05   2341.27    low
2014/02/28 01:21:05   w calculation Done     
2014/02/28 01:21:05   0.0478423    MT
2014/02/28 01:21:05   0.000534593    CT
2014/02/28 01:21:05   0    MBi
2014/02/28 01:21:05   0.000427118    CBi



2014/02/28 01:21:25   FileDir setting completed.     
2014/02/28 01:21:25   Background construct over     
2014/02/28 01:21:25   Target construct over     
2014/02/28 01:21:25   Scene construct over     
2014/02/28 01:21:25   Sensor construct over     
2014/02/28 01:21:25   Processing construct over     
2014/02/28 01:21:26   readWavelengthsMeansandCov Done     
2014/02/28 01:21:26   LinearInterpolation1D Done     
2014/02/28 01:21:26   LinearInterpolation2D Done     
2014/02/28 01:21:26   1    //Writespec_albFile background
2014/02/28 01:21:26   0    //MeansB[i] done
2014/02/28 01:21:26   0    ReadAllColumnFromTAPE7
2014/02/28 01:21:26   C:/webpy/resource/MOD4v3r1/tape7     
2014/02/28 01:21:26   1    //ReadAllColumnFromTAPE7
2014/02/28 01:21:26   0    ReadAllColumnFromTAPE7 done
2014/02/28 01:21:26   1    //Writespec_albFile background mean
2014/02/28 01:21:26   readWavelengthsMeansandCov Done     
2014/02/28 01:21:26   LinearInterpolation1D Done     
2014/02/28 01:21:26   LinearInterpolation2D Done     
2014/02/28 01:21:26   1    //target in black NO.
2014/02/28 01:21:26   1    //Writespec_albFile T in B
2014/02/28 01:21:27   2    ReadAllColumnFromTAPE7
2014/02/28 01:21:27   C:/webpy/resource/MOD4v3r1/tape7     
2014/02/28 01:21:27   2    //ReadAllColumnFromTAPE7
2014/02/28 01:21:27   2    ReadAllColumnFromTAPE7 done
2014/02/28 01:21:27   3    ReadAllColumnFromTAPE7
2014/02/28 01:21:27   C:/webpy/resource/MOD4v3r1/tape7     
2014/02/28 01:21:27   3    //ReadAllColumnFromTAPE7
2014/02/28 01:21:27   3    ReadAllColumnFromTAPE7 done
2014/02/28 01:21:27   0    Albedo[i] done
2014/02/28 01:21:27   4    ReadAllColumnFromTAPE7
2014/02/28 01:21:27   C:/webpy/resource/MOD4v3r1/tape7     
2014/02/28 01:21:28   4    //ReadAllColumnFromTAPE7
2014/02/28 01:21:28   4    ReadAllColumnFromTAPE7 done
2014/02/28 01:21:28   1    Albedo[i] done
2014/02/28 01:21:28   GenRespFunction     
2014/02/28 01:21:28   1    //genResp done
2014/02/28 01:21:28   2    //genResp done
2014/02/28 01:21:28   3    //genResp done
2014/02/28 01:21:28   4    //genResp done
2014/02/28 01:21:28   5    //genResp done
2014/02/28 01:21:28   GenRespFunction done     
2014/02/28 01:21:28   CovBavePath Done     
2014/02/28 01:21:28   SensorProcessNoise done     
2014/02/28 01:21:28   SensorProcessNoise done     
2014/02/28 01:21:28   Adding Noise Done     
2014/02/28 01:21:28   SensorProcessNoise done     
2014/02/28 01:21:28   LT, SNR output Done     
2014/02/28 01:21:28   2341.27    low
2014/02/28 01:21:28   w calculation Done     
2014/02/28 01:21:28   0.0478423    MT
2014/02/28 01:21:28   0.000534593    CT
2014/02/28 01:21:28   0    MBi
2014/02/28 01:21:28   0.000427118    CBi



2014/02/28 01:21:56   FileDir setting completed.     
2014/02/28 01:21:56   Background construct over     
2014/02/28 01:21:56   Target construct over     
2014/02/28 01:21:56   Scene construct over     
2014/02/28 01:21:56   Sensor construct over     
2014/02/28 01:21:56   Processing construct over     
2014/02/28 01:21:56   readWavelengthsMeansandCov Done     
2014/02/28 01:21:56   LinearInterpolation1D Done     
2014/02/28 01:21:56   LinearInterpolation2D Done     
2014/02/28 01:21:56   1    //Writespec_albFile background
2014/02/28 01:21:57   0    //MeansB[i] done
2014/02/28 01:21:57   0    ReadAllColumnFromTAPE7
2014/02/28 01:21:57   C:/webpy/resource/MOD4v3r1/tape7     
2014/02/28 01:21:57   1    //ReadAllColumnFromTAPE7
2014/02/28 01:21:57   0    ReadAllColumnFromTAPE7 done
2014/02/28 01:21:57   1    //Writespec_albFile background mean
2014/02/28 01:21:57   readWavelengthsMeansandCov Done     
2014/02/28 01:21:57   LinearInterpolation1D Done     
2014/02/28 01:21:57   LinearInterpolation2D Done     
2014/02/28 01:21:57   1    //target in black NO.
2014/02/28 01:21:57   1    //Writespec_albFile T in B
2014/02/28 01:21:57   2    ReadAllColumnFromTAPE7
2014/02/28 01:21:57   C:/webpy/resource/MOD4v3r1/tape7     
2014/02/28 01:21:57   2    //ReadAllColumnFromTAPE7
2014/02/28 01:21:57   2    ReadAllColumnFromTAPE7 done
2014/02/28 01:21:58   3    ReadAllColumnFromTAPE7
2014/02/28 01:21:58   C:/webpy/resource/MOD4v3r1/tape7     
2014/02/28 01:21:58   3    //ReadAllColumnFromTAPE7
2014/02/28 01:21:58   3    ReadAllColumnFromTAPE7 done
2014/02/28 01:21:58   0    Albedo[i] done
2014/02/28 01:21:58   4    ReadAllColumnFromTAPE7
2014/02/28 01:21:58   C:/webpy/resource/MOD4v3r1/tape7     
2014/02/28 01:21:58   4    //ReadAllColumnFromTAPE7
2014/02/28 01:21:58   4    ReadAllColumnFromTAPE7 done
2014/02/28 01:21:58   1    Albedo[i] done
2014/02/28 01:21:58   GenRespFunction     
2014/02/28 01:21:58   1    //genResp done
2014/02/28 01:21:58   2    //genResp done
2014/02/28 01:21:58   3    //genResp done
2014/02/28 01:21:58   4    //genResp done
2014/02/28 01:21:58   5    //genResp done
2014/02/28 01:21:58   GenRespFunction done     
2014/02/28 01:21:58   CovBavePath Done     
2014/02/28 01:21:58   SensorProcessNoise done     
2014/02/28 01:21:58   SensorProcessNoise done     
2014/02/28 01:21:58   Adding Noise Done     
2014/02/28 01:21:58   SensorProcessNoise done     
2014/02/28 01:21:58   LT, SNR output Done     
2014/02/28 01:21:58   2341.27    low
2014/02/28 01:21:58   w calculation Done     
2014/02/28 01:21:58   0.143555    MT
2014/02/28 01:21:58   0.000909265    CT
2014/02/28 01:21:58   0    MBi
2014/02/28 01:21:58   0.000427118    CBi



2014/02/28 01:23:18   FileDir setting completed.     
2014/02/28 01:23:18   Background construct over     
2014/02/28 01:23:18   Target construct over     
2014/02/28 01:23:18   Scene construct over     
2014/02/28 01:23:18   Sensor construct over     
2014/02/28 01:23:18   Processing construct over     
2014/02/28 01:23:18   readWavelengthsMeansandCov Done     
2014/02/28 01:23:18   LinearInterpolation1D range not match, trying to fix..    /Warning
2014/02/28 01:23:18   LinearInterpolation1D tail range fixed    /OK
2014/02/28 01:23:18   LinearInterpolation1D head range fixed    /OK
2014/02/28 01:23:18   LinearInterpolation1D Done     
2014/02/28 01:23:18   LinearInterpolation2D range not match, trying to fix..    /Warning
2014/02/28 01:23:18   LinearInterpolation2D tail range fixed    /OK
2014/02/28 01:23:18   LinearInterpolation2D head range fixed    /OK
2014/02/28 01:23:18   LinearInterpolation2D Done     
2014/02/28 01:23:18   1    //Writespec_albFile background
2014/02/28 01:23:19   0    //MeansB[i] done
2014/02/28 01:23:19   0    ReadAllColumnFromTAPE7
2014/02/28 01:23:19   C:/webpy/resource/MOD4v3r1/tape7     
2014/02/28 01:23:19   1    //ReadAllColumnFromTAPE7
2014/02/28 01:23:19   0    ReadAllColumnFromTAPE7 done
2014/02/28 01:23:19   1    //Writespec_albFile background mean
2014/02/28 01:23:19   readWavelengthsMeansandCov Done     
2014/02/28 01:23:19   LinearInterpolation1D range not match, trying to fix..    /Warning
2014/02/28 01:23:19   LinearInterpolation1D tail range fixed    /OK
2014/02/28 01:23:19   LinearInterpolation1D head range fixed    /OK
2014/02/28 01:23:19   LinearInterpolation1D Done     
2014/02/28 01:23:19   LinearInterpolation2D range not match, trying to fix..    /Warning
2014/02/28 01:23:19   LinearInterpolation2D tail range fixed    /OK
2014/02/28 01:23:19   LinearInterpolation2D head range fixed    /OK
2014/02/28 01:23:19   LinearInterpolation2D Done     
2014/02/28 01:23:19   1    //target in black NO.
2014/02/28 01:23:19   1    //Writespec_albFile T in B
2014/02/28 01:23:19   2    ReadAllColumnFromTAPE7
2014/02/28 01:23:19   C:/webpy/resource/MOD4v3r1/tape7     
2014/02/28 01:23:19   2    //ReadAllColumnFromTAPE7
2014/02/28 01:23:19   2    ReadAllColumnFromTAPE7 done
2014/02/28 01:23:20   3    ReadAllColumnFromTAPE7
2014/02/28 01:23:20   C:/webpy/resource/MOD4v3r1/tape7     
2014/02/28 01:23:20   3    //ReadAllColumnFromTAPE7
2014/02/28 01:23:20   3    ReadAllColumnFromTAPE7 done
2014/02/28 01:23:20   0    Albedo[i] done
2014/02/28 01:23:20   4    ReadAllColumnFromTAPE7
2014/02/28 01:23:20   C:/webpy/resource/MOD4v3r1/tape7     
2014/02/28 01:23:20   4    //ReadAllColumnFromTAPE7
2014/02/28 01:23:20   4    ReadAllColumnFromTAPE7 done
2014/02/28 01:23:20   1    Albedo[i] done
2014/02/28 01:23:20   GenRespFunction     
2014/02/28 01:23:20   1    //genResp done
2014/02/28 01:23:20   2    //genResp done
2014/02/28 01:23:20   3    //genResp done
2014/02/28 01:23:20   4    //genResp done
2014/02/28 01:23:20   5    //genResp done
2014/02/28 01:23:20   GenRespFunction done     
2014/02/28 01:23:20   CovBavePath Done     
2014/02/28 01:23:20   SensorProcessNoise done     
2014/02/28 01:23:20   SensorProcessNoise done     
2014/02/28 01:23:20   Adding Noise Done     
2014/02/28 01:23:21   SensorProcessNoise done     
2014/02/28 01:23:21   LT, SNR output Done     
2014/02/28 01:23:21   1662.25    low
2014/02/28 01:23:21   w calculation Done     
2014/02/28 01:23:21   0.0499093    MT
2014/02/28 01:23:21   0.000824655    CT
2014/02/28 01:23:21   0    MBi
2014/02/28 01:23:21   0.000601593    CBi



2014/02/28 01:34:24   FileDir setting completed.     
2014/02/28 01:34:24   Background construct over     
2014/02/28 01:34:24   Target construct over     
2014/02/28 01:34:24   Scene construct over     
2014/02/28 01:34:24   Sensor construct over     
2014/02/28 01:34:24   Processing construct over     
2014/02/28 01:34:24   readWavelengthsMeansandCov Done     
2014/02/28 01:34:24   LinearInterpolation1D range not match, trying to fix..    /Warning
2014/02/28 01:34:24   LinearInterpolation1D head range fixed    /OK
2014/02/28 01:34:24   LinearInterpolation1D Done     
2014/02/28 01:34:24   LinearInterpolation2D range not match, trying to fix..    /Warning
2014/02/28 01:34:24   LinearInterpolation2D tail range fixed    /OK
2014/02/28 01:34:24   LinearInterpolation2D head range fixed    /OK
2014/02/28 01:34:24   LinearInterpolation2D Done     
2014/02/28 01:34:24   1    //Writespec_albFile background
2014/02/28 01:34:25   0    //MeansB[i] done
2014/02/28 01:34:25   0    ReadAllColumnFromTAPE7
2014/02/28 01:34:25   C:/webpy/resource/MOD4v3r1/tape7     
2014/02/28 01:34:25   1    //ReadAllColumnFromTAPE7
2014/02/28 01:34:25   0    ReadAllColumnFromTAPE7 done
2014/02/28 01:34:25   1    //Writespec_albFile background mean
2014/02/28 01:34:25   readWavelengthsMeansandCov Done     
2014/02/28 01:34:25   LinearInterpolation1D range not match, trying to fix..    /Warning
2014/02/28 01:34:25   LinearInterpolation1D head range fixed    /OK
2014/02/28 01:34:25   LinearInterpolation1D Done     
2014/02/28 01:34:25   LinearInterpolation2D range not match, trying to fix..    /Warning
2014/02/28 01:34:25   LinearInterpolation2D tail range fixed    /OK
2014/02/28 01:34:25   LinearInterpolation2D head range fixed    /OK
2014/02/28 01:34:25   LinearInterpolation2D Done     
2014/02/28 01:34:25   1    //target in black NO.
2014/02/28 01:34:25   1    //Writespec_albFile T in B
2014/02/28 01:34:25   2    ReadAllColumnFromTAPE7
2014/02/28 01:34:25   C:/webpy/resource/MOD4v3r1/tape7     
2014/02/28 01:34:25   2    //ReadAllColumnFromTAPE7
2014/02/28 01:34:25   2    ReadAllColumnFromTAPE7 done
2014/02/28 01:34:26   3    ReadAllColumnFromTAPE7
2014/02/28 01:34:26   C:/webpy/resource/MOD4v3r1/tape7     
2014/02/28 01:34:26   3    //ReadAllColumnFromTAPE7
2014/02/28 01:34:26   3    ReadAllColumnFromTAPE7 done
2014/02/28 01:34:26   0    Albedo[i] done
2014/02/28 01:34:26   4    ReadAllColumnFromTAPE7
2014/02/28 01:34:26   C:/webpy/resource/MOD4v3r1/tape7     
2014/02/28 01:34:26   4    //ReadAllColumnFromTAPE7
2014/02/28 01:34:26   4    ReadAllColumnFromTAPE7 done
2014/02/28 01:34:26   1    Albedo[i] done
2014/02/28 01:34:26   GenRespFunction     
2014/02/28 01:34:26   1    //genResp done
2014/02/28 01:34:26   2    //genResp done
2014/02/28 01:34:26   3    //genResp done
2014/02/28 01:34:26   4    //genResp done
2014/02/28 01:34:26   5    //genResp done
2014/02/28 01:34:26   GenRespFunction done     
2014/02/28 01:34:26   CovBavePath Done     
2014/02/28 01:34:26   SensorProcessNoise done     
2014/02/28 01:34:27   SensorProcessNoise done     
2014/02/28 01:34:27   Adding Noise Done     
2014/02/28 01:34:27   SensorProcessNoise done     
2014/02/28 01:34:27   LT, SNR output Done     
2014/02/28 01:34:27   1664.71    low
2014/02/28 01:34:27   w calculation Done     
2014/02/28 01:34:27   0.04992    MT
2014/02/28 01:34:27   0.000823786    CT
2014/02/28 01:34:27   0    MBi
2014/02/28 01:34:27   0.000600704    CBi



2014/02/28 01:35:47   FileDir setting completed.     
2014/02/28 01:35:47   Background construct over     
2014/02/28 01:35:47   Target construct over     
2014/02/28 01:35:47   Scene construct over     
2014/02/28 01:35:47   Sensor construct over     
2014/02/28 01:35:47   Processing construct over     
2014/02/28 01:35:47   readWavelengthsMeansandCov Done     
2014/02/28 01:35:47   LinearInterpolation1D range not match, trying to fix..    /Warning
2014/02/28 01:35:47   LinearInterpolation1D head range fixed    /OK
2014/02/28 01:35:47   LinearInterpolation1D Done     
2014/02/28 01:35:47   LinearInterpolation2D range not match, trying to fix..    /Warning
2014/02/28 01:35:47   LinearInterpolation1D head range fixed    /OK
2014/02/28 01:35:47   LinearInterpolation2D Done     
2014/02/28 01:35:47   1    //Writespec_albFile background
2014/02/28 01:35:47   0    //MeansB[i] done
2014/02/28 01:35:47   0    ReadAllColumnFromTAPE7
2014/02/28 01:35:47   C:/webpy/resource/MOD4v3r1/tape7     
2014/02/28 01:35:47   1    //ReadAllColumnFromTAPE7
2014/02/28 01:35:47   0    ReadAllColumnFromTAPE7 done
2014/02/28 01:35:47   1    //Writespec_albFile background mean
2014/02/28 01:35:47   readWavelengthsMeansandCov Done     
2014/02/28 01:35:47   LinearInterpolation1D range not match, trying to fix..    /Warning
2014/02/28 01:35:47   LinearInterpolation1D head range fixed    /OK
2014/02/28 01:35:47   LinearInterpolation1D Done     
2014/02/28 01:35:47   LinearInterpolation2D range not match, trying to fix..    /Warning
2014/02/28 01:35:47   LinearInterpolation1D head range fixed    /OK
2014/02/28 01:35:47   LinearInterpolation2D Done     
2014/02/28 01:35:47   1    //target in black NO.
2014/02/28 01:35:47   1    //Writespec_albFile T in B
2014/02/28 01:35:48   2    ReadAllColumnFromTAPE7
2014/02/28 01:35:48   C:/webpy/resource/MOD4v3r1/tape7     
2014/02/28 01:35:48   2    //ReadAllColumnFromTAPE7
2014/02/28 01:35:48   2    ReadAllColumnFromTAPE7 done
2014/02/28 01:35:48   3    ReadAllColumnFromTAPE7
2014/02/28 01:35:48   C:/webpy/resource/MOD4v3r1/tape7     
2014/02/28 01:35:48   3    //ReadAllColumnFromTAPE7
2014/02/28 01:35:48   3    ReadAllColumnFromTAPE7 done
2014/02/28 01:35:48   0    Albedo[i] done
2014/02/28 01:35:49   4    ReadAllColumnFromTAPE7
2014/02/28 01:35:49   C:/webpy/resource/MOD4v3r1/tape7     
2014/02/28 01:35:49   4    //ReadAllColumnFromTAPE7
2014/02/28 01:35:49   4    ReadAllColumnFromTAPE7 done
2014/02/28 01:35:49   1    Albedo[i] done
2014/02/28 01:35:49   GenRespFunction     
2014/02/28 01:35:49   1    //genResp done
2014/02/28 01:35:49   2    //genResp done
2014/02/28 01:35:49   3    //genResp done
2014/02/28 01:35:49   4    //genResp done
2014/02/28 01:35:49   5    //genResp done
2014/02/28 01:35:49   GenRespFunction done     
2014/02/28 01:35:49   CovBavePath Done     
2014/02/28 01:35:49   SensorProcessNoise done     
2014/02/28 01:35:49   SensorProcessNoise done     
2014/02/28 01:35:49   Adding Noise Done     
2014/02/28 01:35:49   SensorProcessNoise done     
2014/02/28 01:35:49   LT, SNR output Done     
2014/02/28 01:35:50   1665.44    low
2014/02/28 01:35:50   w calculation Done     
2014/02/28 01:35:50   0.0499204    MT
2014/02/28 01:35:50   0.000823342    CT
2014/02/28 01:35:50   0    MBi
2014/02/28 01:35:50   0.000600442    CBi



2014/03/03 19:21:31   FileDir setting completed.     
2014/03/03 19:21:31   Background construct over     
2014/03/03 19:21:31   Target construct over     
2014/03/03 19:21:31   Scene construct over     
2014/03/03 19:21:31   Sensor construct over     
2014/03/03 19:21:31   Processing construct over     
2014/03/03 19:21:32   readWavelengthsMeansandCov Done     
2014/03/03 19:21:32   LinearInterpolation1D range not match, trying to fix..    /Warning
2014/03/03 19:21:32   LinearInterpolation1D head range fixed    /OK
2014/03/03 19:21:32   LinearInterpolation1D Done     
2014/03/03 19:21:32   LinearInterpolation2D range not match, trying to fix..    /Warning
2014/03/03 19:21:32   LinearInterpolation1D head range fixed    /OK
2014/03/03 19:21:32   LinearInterpolation2D Done     
2014/03/03 19:21:32   1    //Writespec_albFile background
2014/03/03 19:21:32   0    //MeansB[i] done
2014/03/03 19:21:32   0    ReadAllColumnFromTAPE7
2014/03/03 19:21:32   C:/webpy/resource/MOD4v3r1/tape7     
2014/03/03 19:21:32   1    //ReadAllColumnFromTAPE7
2014/03/03 19:21:32   0    ReadAllColumnFromTAPE7 done
2014/03/03 19:21:32   1    //Writespec_albFile background mean
2014/03/03 19:21:32   readWavelengthsMeansandCov Done     
2014/03/03 19:21:32   LinearInterpolation1D range not match, trying to fix..    /Warning
2014/03/03 19:21:32   LinearInterpolation1D head range fixed    /OK
2014/03/03 19:21:32   LinearInterpolation1D Done     
2014/03/03 19:21:32   LinearInterpolation2D range not match, trying to fix..    /Warning
2014/03/03 19:21:32   LinearInterpolation1D head range fixed    /OK
2014/03/03 19:21:32   LinearInterpolation2D Done     
2014/03/03 19:21:32   1    //target in black NO.
2014/03/03 19:21:32   1    //Writespec_albFile T in B
2014/03/03 19:21:33   2    ReadAllColumnFromTAPE7
2014/03/03 19:21:33   C:/webpy/resource/MOD4v3r1/tape7     
2014/03/03 19:21:33   2    //ReadAllColumnFromTAPE7
2014/03/03 19:21:33   2    ReadAllColumnFromTAPE7 done
2014/03/03 19:21:33   3    ReadAllColumnFromTAPE7
2014/03/03 19:21:33   C:/webpy/resource/MOD4v3r1/tape7     
2014/03/03 19:21:33   3    //ReadAllColumnFromTAPE7
2014/03/03 19:21:33   3    ReadAllColumnFromTAPE7 done
2014/03/03 19:21:33   0    Albedo[i] done
2014/03/03 19:21:34   4    ReadAllColumnFromTAPE7
2014/03/03 19:21:34   C:/webpy/resource/MOD4v3r1/tape7     
2014/03/03 19:21:34   4    //ReadAllColumnFromTAPE7
2014/03/03 19:21:34   4    ReadAllColumnFromTAPE7 done
2014/03/03 19:21:34   1    Albedo[i] done
2014/03/03 19:21:34   GenRespFunction     
2014/03/03 19:21:34   1    //genResp done
2014/03/03 19:21:34   2    //genResp done
2014/03/03 19:21:34   3    //genResp done
2014/03/03 19:21:34   4    //genResp done
2014/03/03 19:21:34   5    //genResp done
2014/03/03 19:21:34   GenRespFunction done     
2014/03/03 19:21:34   CovBavePath Done     
2014/03/03 19:21:34   SensorProcessNoise done     
2014/03/03 19:21:34   SensorProcessNoise done     
2014/03/03 19:21:34   Adding Noise Done     
2014/03/03 19:21:34   SensorProcessNoise done     
2014/03/03 19:21:34   LT, SNR output Done     
2014/03/03 19:21:34   1665.44    low
2014/03/03 19:21:34   w calculation Done     
2014/03/03 19:21:34   0.0499204    MT
2014/03/03 19:21:34   0.000823342    CT
2014/03/03 19:21:34   0    MBi
2014/03/03 19:21:34   0.000600442    CBi



2014/03/13 22:22:55   FileDir setting completed.     
2014/03/13 22:22:55   Background construct over     
2014/03/13 22:22:55   Target construct over     
2014/03/13 22:22:55   Scene construct over     
2014/03/13 22:22:55   Sensor construct over     
2014/03/13 22:22:55   Processing construct over     
2014/03/13 22:22:55   readWavelengthsMeansandCov Done     
2014/03/13 22:22:55   LinearInterpolation1D range not match, trying to fix..    /Warning
2014/03/13 22:22:55   LinearInterpolation1D head range fixed    /OK
2014/03/13 22:22:55   LinearInterpolation1D Done     
2014/03/13 22:22:55   LinearInterpolation2D range not match, trying to fix..    /Warning
2014/03/13 22:22:55   LinearInterpolation1D head range fixed    /OK
2014/03/13 22:22:55   LinearInterpolation2D Done     
2014/03/13 22:22:55   1    //Writespec_albFile background
2014/03/13 22:22:56   0    //MeansB[i] done
2014/03/13 22:22:56   0    ReadAllColumnFromTAPE7
2014/03/13 22:22:56   C:/webpy/resource/MOD4v3r1/tape7     
2014/03/13 22:22:56   1    //ReadAllColumnFromTAPE7
2014/03/13 22:22:56   0    ReadAllColumnFromTAPE7 done
2014/03/13 22:22:56   1    //Writespec_albFile background mean
2014/03/13 22:22:56   readWavelengthsMeansandCov Done     
2014/03/13 22:22:56   LinearInterpolation1D range not match, trying to fix..    /Warning
2014/03/13 22:22:56   LinearInterpolation1D head range fixed    /OK
2014/03/13 22:22:56   LinearInterpolation1D Done     
2014/03/13 22:22:56   LinearInterpolation2D range not match, trying to fix..    /Warning
2014/03/13 22:22:56   LinearInterpolation1D head range fixed    /OK
2014/03/13 22:22:56   LinearInterpolation2D Done     
2014/03/13 22:22:56   1    //target in black NO.
2014/03/13 22:22:56   1    //Writespec_albFile T in B
2014/03/13 22:22:56   2    ReadAllColumnFromTAPE7
2014/03/13 22:22:56   C:/webpy/resource/MOD4v3r1/tape7     
2014/03/13 22:22:56   2    //ReadAllColumnFromTAPE7
2014/03/13 22:22:56   2    ReadAllColumnFromTAPE7 done
2014/03/13 22:22:57   3    ReadAllColumnFromTAPE7
2014/03/13 22:22:57   C:/webpy/resource/MOD4v3r1/tape7     
2014/03/13 22:22:57   3    //ReadAllColumnFromTAPE7
2014/03/13 22:22:57   3    ReadAllColumnFromTAPE7 done
2014/03/13 22:22:57   0    Albedo[i] done
2014/03/13 22:22:57   4    ReadAllColumnFromTAPE7
2014/03/13 22:22:57   C:/webpy/resource/MOD4v3r1/tape7     
2014/03/13 22:22:57   4    //ReadAllColumnFromTAPE7
2014/03/13 22:22:57   4    ReadAllColumnFromTAPE7 done
2014/03/13 22:22:57   1    Albedo[i] done
2014/03/13 22:22:57   GenRespFunction     
2014/03/13 22:22:57   1    //genResp done
2014/03/13 22:22:57   2    //genResp done
2014/03/13 22:22:57   3    //genResp done
2014/03/13 22:22:57   4    //genResp done
2014/03/13 22:22:57   5    //genResp done
2014/03/13 22:22:57   GenRespFunction done     
2014/03/13 22:22:57   CovBavePath Done     
2014/03/13 22:22:57   SensorProcessNoise done     
2014/03/13 22:22:58   SensorProcessNoise done     
2014/03/13 22:22:58   Adding Noise Done     
2014/03/13 22:22:58   SensorProcessNoise done     
2014/03/13 22:22:58   LT, SNR output Done     
2014/03/13 22:22:58   1665.44    low
2014/03/13 22:22:58   w calculation Done     
2014/03/13 22:22:58   0.0499204    MT
2014/03/13 22:22:58   0.000823342    CT
2014/03/13 22:22:58   0    MBi
2014/03/13 22:22:58   0.000600442    CBi



